
ROM used:   297/8192 (4%)
            297/8192 (4%) including unused fragments

            0.4 Average locations per line
            29.7 Average locations per statement

RAM used:   8/368 (2%) at main() level
            21/368 (6%) worst case

Stack used: 0 worst case (0 in main + 0 for interrupts)
Stack size: 8

Lines Stmts  %   Files
----- ----- ---  -----
   52    10 100  Motor DC + Infrarrojo.c
  786     0   0  ..\..\..\..\..\Program Files\PICC\Devices\16F887.h
----- -----
  838    10 Total

Page ROM  %  RAM    Vol Diff  Functions:
---- --- --- ---    --- ----  ----------
0     42  14    0    110  2.1  SisInit
0     68  23    1    106  2.3  MAIN
0     31  10    2             @ITOF
0    119  40   13             @MULFF
0     33  11    4             @SFTOI
 Inline         0             @cinit1

Program metrics:
    Functions               2
    Statements              10
    Comments                162
    Volume (V)              275
    Difficulty (D)          3.9
    Effort to implement (E) 1073
    Time to implement (T)   1 minutes
    Est Delivered Bugs (B)  0
    Cyclomatic Complexity   1
    Maintainability (MI)    168

 Segment     Used  Free
-----------  ----  ----
00000-00003     4  0  
00004-007FF   293  1751  
00800-00FFF     0  2048  
01000-017FF     0  2048  
01800-01FFF     0  2048  



