
ROM used:   275/8192 (3%)
            275/8192 (3%) including unused fragments

            0.4 Average locations per line
            30.6 Average locations per statement

RAM used:   8/368 (2%) at main() level
            21/368 (6%) worst case

Stack used: 1 worst case (1 in main + 0 for interrupts)
Stack size: 8

Lines Stmts  %   Files
----- ----- ---  -----
   36     9 100  Motor DC + Infrarrojo.c
  708     0   0  ..\..\..\..\..\..\..\..\..\..\Program Files (x86)\PICCDEMO\Devices\16F877A.h
----- -----
  744     9 Total

Page ROM  %  RAM    Vol Diff  Functions:
---- --- --- ---    --- ----  ----------
0     88  32    1    204  3.0  main
0     31  11    2             @ITOF
0    119  43   13             @MULFF
0     33  12    4             @SFTOI
 Inline         0             @cinit1

Program metrics:
    Functions               1
    Statements              9
    Comments                159
    Volume (V)              212
    Difficulty (D)          2.6
    Effort to implement (E) 542
    Time to implement (T)   1 minutes
    Est Delivered Bugs (B)  0
    Cyclomatic Complexity   1
    Maintainability (MI)    139

 Segment     Used  Free
-----------  ----  ----
00000-00003     4  0  
00004-007FF   271  1773  
00800-00FFF     0  2048  
01000-017FF     0  2048  
01800-01FFF     0  2048  



